Machine Serial Number:  SFD2001052                                                       Page:    1
====================================================================================================
Routine Name                                                    Run #            Date & Time        
====================================================================================================
SpeedFour.mxy                                            1        Wednesday, April 25, 2018 14:01:34
====================================================================================================

====================================================================================================
Feature           Unit    Nominal       Actual          Tolerances           Deviation     Exceeded 
====================================================================================================
Step 1   
X Location        mm    +76.4752      +76.7352      +0.0000     +0.0000    +0.2600                  
   
====================================================================================================

============================ END OF INSPECTION - Elapsed Time  00:00:43 ============================
Machine Serial Number:  SFD2001052                                                       Page:    1
====================================================================================================
Routine Name                                                    Run #            Date & Time        
====================================================================================================
SpeedFour.mxy                                            2        Wednesday, April 25, 2018 14:02:28
====================================================================================================

====================================================================================================
Feature           Unit    Nominal       Actual          Tolerances           Deviation     Exceeded 
====================================================================================================
Step 1   
X Location        mm    +76.4752      +76.7352      +0.0000     +0.0000    +0.2600                  
   
====================================================================================================

============================ END OF INSPECTION - Elapsed Time  00:00:44 ============================
