Machine Serial Number:  SFD2001052                                                       Page:    1
====================================================================================================
Routine Name                                                    Run #            Date & Time        
====================================================================================================
SpeedOne.mxy                                             1        Wednesday, April 25, 2018 13:52:21
====================================================================================================

====================================================================================================
Feature           Unit    Nominal       Actual          Tolerances           Deviation     Exceeded 
====================================================================================================
Step 3   
Diameter          mm    +6.2750       +6.2800       +0.0000     +0.0000    +0.0050                  
   
Step 450   
Diameter          mm    +6.2750       +6.2800       +0.0000     +0.0000    +0.0050                  
   
Step 453   
Diameter          mm    +6.2750       +6.2800       +0.0000     +0.0000    +0.0050                  
   
====================================================================================================

============================ END OF INSPECTION - Elapsed Time  00:00:14 ============================
Machine Serial Number:  SFD2001052                                                       Page:    1
====================================================================================================
Routine Name                                                    Run #            Date & Time        
====================================================================================================
SpeedOne.mxy                                             2        Wednesday, April 25, 2018 13:52:54
====================================================================================================

====================================================================================================
Feature           Unit    Nominal       Actual          Tolerances           Deviation     Exceeded 
====================================================================================================
Step 3   
Diameter          mm    +6.2750       +6.2801       +0.0000     +0.0000    +0.0050                  
   
Step 450   
Diameter          mm    +6.2750       +6.2801       +0.0000     +0.0000    +0.0050                  
   
Step 453   
Diameter          mm    +6.2750       +6.2801       +0.0000     +0.0000    +0.0050                  
   
====================================================================================================

============================ END OF INSPECTION - Elapsed Time  00:00:15 ============================
