Machine Serial Number:  SFD2001052                                                       Page:    1
====================================================================================================
Routine Name                                                    Run #            Date & Time        
====================================================================================================
SpeedTwo.mxy                                             1        Wednesday, April 25, 2018 13:54:10
====================================================================================================

====================================================================================================
Feature           Unit    Nominal       Actual          Tolerances           Deviation     Exceeded 
====================================================================================================
Step 3   
Diameter          mm    +6.2746       +6.2788       +1.0000     -1.0000    +0.0042      +           
   
====================================================================================================

============================ END OF INSPECTION - Elapsed Time  00:00:29 ============================
Machine Serial Number:  SFD2001052                                                       Page:    1
====================================================================================================
Routine Name                                                    Run #            Date & Time        
====================================================================================================
SpeedTwo.mxy                                             2        Wednesday, April 25, 2018 13:55:29
====================================================================================================

====================================================================================================
Feature           Unit    Nominal       Actual          Tolerances           Deviation     Exceeded 
====================================================================================================
Step 3   
Diameter          mm    +6.2746       +6.2791       +1.0000     -1.0000    +0.0045      +           
   
====================================================================================================

============================ END OF INSPECTION - Elapsed Time  00:00:28 ============================
