Machine Serial Number:  SFD2001052                                                       Page:    1
====================================================================================================
Routine Name                                                    Run #            Date & Time        
====================================================================================================
SpeedThree.mxy                                           1        Wednesday, April 25, 2018 13:58:17
====================================================================================================

====================================================================================================
Feature           Unit    Nominal       Actual          Tolerances           Deviation     Exceeded 
====================================================================================================
Step 1   
Angle             dd    +269.7395     +269.9812     +0.0000     +0.0000    +0.2417                  
   
====================================================================================================

============================ END OF INSPECTION - Elapsed Time  00:01:30 ============================
Machine Serial Number:  SFD2001052                                                       Page:    1
====================================================================================================
Routine Name                                                    Run #            Date & Time        
====================================================================================================
SpeedThree.mxy                                           2        Wednesday, April 25, 2018 14:00:07
====================================================================================================

====================================================================================================
Feature           Unit    Nominal       Actual          Tolerances           Deviation     Exceeded 
====================================================================================================
Step 1   
Angle             dd    +269.7395     +269.9996     +0.0000     +0.0000    +0.2601                  
   
====================================================================================================

============================ END OF INSPECTION - Elapsed Time  00:01:33 ============================
