Machine Serial Number:  SFD2001052                                                       Page:    1
====================================================================================================
Routine Name                                                    Run #            Date & Time        
====================================================================================================
SpeedFive.mxy                                            1        Wednesday, April 25, 2018 14:04:20
====================================================================================================

====================================================================================================
Feature           Unit    Nominal       Actual          Tolerances           Deviation     Exceeded 
====================================================================================================
Step 1   
X Location        mm    +113.4484     +110.6593     +0.0000     +0.0000    -2.7891                  
   
====================================================================================================

============================ END OF INSPECTION - Elapsed Time  00:01:14 ============================
Machine Serial Number:  SFD2001052                                                       Page:    1
====================================================================================================
Routine Name                                                    Run #            Date & Time        
====================================================================================================
SpeedFive.mxy                                            2        Wednesday, April 25, 2018 14:05:45
====================================================================================================

====================================================================================================
Feature           Unit    Nominal       Actual          Tolerances           Deviation     Exceeded 
====================================================================================================
Step 1   
X Location        mm    +113.4484     +113.4033     +0.0000     +0.0000    -0.0451                  
   
====================================================================================================

============================ END OF INSPECTION - Elapsed Time  00:01:15 ============================
