Machine Serial Number:  SFD2001052                                                       Page:    1
====================================================================================================
Routine Name                                                    Run #            Date & Time        
====================================================================================================
SpeedTwo.mxy                                             1           Monday, April 16, 2018 12:46:56
====================================================================================================

====================================================================================================
Feature           Unit    Nominal       Actual          Tolerances           Deviation     Exceeded 
====================================================================================================
Step 3   
Diameter          mm    +6.2746       +6.2790       +1.0000     -1.0000    +0.0044      +           
   
====================================================================================================

============================ END OF INSPECTION - Elapsed Time  00:00:32 ============================
Machine Serial Number:  SFD2001052                                                       Page:    1
====================================================================================================
Routine Name                                                    Run #            Date & Time        
====================================================================================================
SpeedTwo.mxy                                             2           Monday, April 16, 2018 12:48:01
====================================================================================================

====================================================================================================
Feature           Unit    Nominal       Actual          Tolerances           Deviation     Exceeded 
====================================================================================================
Step 3   
Diameter          mm    +6.2746       +6.2783       +1.0000     -1.0000    +0.0037      +           
   
====================================================================================================

============================ END OF INSPECTION - Elapsed Time  00:00:26 ============================
