Machine Serial Number:  SFD2001052                                                       Page:    1
====================================================================================================
Routine Name                                                    Run #            Date & Time        
====================================================================================================
SpeedThree.mxy                                           1           Monday, April 16, 2018 12:50:16
====================================================================================================

====================================================================================================
Feature           Unit    Nominal       Actual          Tolerances           Deviation     Exceeded 
====================================================================================================
Step 1   
Angle             dd    +269.7395     +269.9790     +0.0000     +0.0000    +0.2395                  
   
====================================================================================================

============================ END OF INSPECTION - Elapsed Time  00:01:09 ============================
Machine Serial Number:  SFD2001052                                                       Page:    1
====================================================================================================
Routine Name                                                    Run #            Date & Time        
====================================================================================================
SpeedThree.mxy                                           2           Monday, April 16, 2018 12:51:34
====================================================================================================

====================================================================================================
Feature           Unit    Nominal       Actual          Tolerances           Deviation     Exceeded 
====================================================================================================
Step 1   
Angle             dd    +269.7395     +269.9799     +0.0000     +0.0000    +0.2404                  
   
====================================================================================================

============================ END OF INSPECTION - Elapsed Time  00:01:04 ============================
