Machine Serial Number:  SFD2001052                                                       Page:    1
====================================================================================================
Routine Name                                                    Run #            Date & Time        
====================================================================================================
SpeedOne.mxy                                             1           Monday, April 16, 2018 12:45:05
====================================================================================================

====================================================================================================
Feature           Unit    Nominal       Actual          Tolerances           Deviation     Exceeded 
====================================================================================================
Step 3   
Diameter          mm    +6.2750       +6.2822       +0.0000     +0.0000    +0.0071                  
   
Step 450   
Diameter          mm    +6.2750       +6.2822       +0.0000     +0.0000    +0.0071                  
   
Step 453   
Diameter          mm    +6.2750       +6.2822       +0.0000     +0.0000    +0.0071                  
   
====================================================================================================

============================ END OF INSPECTION - Elapsed Time  00:00:21 ============================
Machine Serial Number:  SFD2001052                                                       Page:    1
====================================================================================================
Routine Name                                                    Run #            Date & Time        
====================================================================================================
SpeedOne.mxy                                             2           Monday, April 16, 2018 12:45:36
====================================================================================================

====================================================================================================
Feature           Unit    Nominal       Actual          Tolerances           Deviation     Exceeded 
====================================================================================================
Step 3   
Diameter          mm    +6.2750       +6.2826       +0.0000     +0.0000    +0.0076                  
   
Step 450   
Diameter          mm    +6.2750       +6.2826       +0.0000     +0.0000    +0.0076                  
   
Step 453   
Diameter          mm    +6.2750       +6.2826       +0.0000     +0.0000    +0.0076                  
   
====================================================================================================

============================ END OF INSPECTION - Elapsed Time  00:00:15 ============================
