Machine Serial Number:  SFD2001052                                                       Page:    1
====================================================================================================
Routine Name                                                    Run #            Date & Time        
====================================================================================================
SpeedFour.mxy                                            1           Monday, April 16, 2018 12:52:59
====================================================================================================

====================================================================================================
Feature           Unit    Nominal       Actual          Tolerances           Deviation     Exceeded 
====================================================================================================
Step 1   
X Location        mm    +76.475       +74.852       +0.000      +0.000     -1.623                   
   
====================================================================================================

============================ END OF INSPECTION - Elapsed Time  00:00:45 ============================
Machine Serial Number:  SFD2001052                                                       Page:    1
====================================================================================================
Routine Name                                                    Run #            Date & Time        
====================================================================================================
SpeedFour.mxy                                            2           Monday, April 16, 2018 12:53:46
====================================================================================================

====================================================================================================
Feature           Unit    Nominal       Actual          Tolerances           Deviation     Exceeded 
====================================================================================================
Step 1   
X Location        mm    +76.475       +76.491       +0.000      +0.000     +0.016                   
   
====================================================================================================

============================ END OF INSPECTION - Elapsed Time  00:00:38 ============================
