Machine Serial Number:  SFD2001052                                                       Page:    1
====================================================================================================
Routine Name                                                    Run #            Date & Time        
====================================================================================================
SpeedFive.mxy                                            1           Monday, April 16, 2018 12:55:51
====================================================================================================

====================================================================================================
Feature           Unit    Nominal       Actual          Tolerances           Deviation     Exceeded 
====================================================================================================
Step 1   
X Location        mm    +113.4484     +113.4582     +0.0000     +0.0000    +0.0098                  
   
====================================================================================================

============================ END OF INSPECTION - Elapsed Time  00:01:29 ============================
Machine Serial Number:  SFD2001052                                                       Page:    1
====================================================================================================
Routine Name                                                    Run #            Date & Time        
====================================================================================================
SpeedFive.mxy                                            2           Monday, April 16, 2018 12:57:25
====================================================================================================

====================================================================================================
Feature           Unit    Nominal       Actual          Tolerances           Deviation     Exceeded 
====================================================================================================
Step 1   
X Location        mm    +113.4484     +113.3414     +0.0000     +0.0000    -0.1070                  
   
====================================================================================================

============================ END OF INSPECTION - Elapsed Time  00:01:25 ============================
