Machine Serial Number:  SFD2001052                                                       Page:    1
====================================================================================================
Routine Name                                                    Run #            Date & Time        
====================================================================================================
SpeedFour.mxy                                            1    Tuesday, September 11, 2018 4:08:25 PM
====================================================================================================

====================================================================================================
Feature           Unit    Nominal       Actual          Tolerances           Deviation     Exceeded 
====================================================================================================
Step 1   
X Location        mm    +76.475       +76.522       +0.000      +0.000     +0.047                   
   
====================================================================================================

============================ END OF INSPECTION - Elapsed Time  00:01:11 ============================
Machine Serial Number:  SFD2001052                                                       Page:    1
====================================================================================================
Routine Name                                                    Run #            Date & Time        
====================================================================================================
SpeedFour.mxy                                            2    Tuesday, September 11, 2018 4:09:53 PM
====================================================================================================

====================================================================================================
Feature           Unit    Nominal       Actual          Tolerances           Deviation     Exceeded 
====================================================================================================
Step 1   
X Location        mm    +76.475       +76.522       +0.000      +0.000     +0.047                   
   
====================================================================================================

============================ END OF INSPECTION - Elapsed Time  00:01:12 ============================
