Machine Serial Number:  SFD2001052                                                       Page:    1
====================================================================================================
Routine Name                                                    Run #            Date & Time        
====================================================================================================
SpeedTwo.mxy                                             1    Tuesday, September 11, 2018 4:02:12 PM
====================================================================================================

====================================================================================================
Feature           Unit    Nominal       Actual          Tolerances           Deviation     Exceeded 
====================================================================================================
Step 3   
Diameter          mm    +6.275        +6.289        +1.000      -1.000     +0.015       +           
   
====================================================================================================

============================ END OF INSPECTION - Elapsed Time  00:00:43 ============================
Machine Serial Number:  SFD2001052                                                       Page:    1
====================================================================================================
Routine Name                                                    Run #            Date & Time        
====================================================================================================
SpeedTwo.mxy                                             2    Tuesday, September 11, 2018 4:03:09 PM
====================================================================================================

====================================================================================================
Feature           Unit    Nominal       Actual          Tolerances           Deviation     Exceeded 
====================================================================================================
Step 3   
Diameter          mm    +6.275        +6.289        +1.000      -1.000     +0.015       +           
   
====================================================================================================

============================ END OF INSPECTION - Elapsed Time  00:00:43 ============================
