Machine Serial Number:  SFD2001052                                                       Page:    1
====================================================================================================
Routine Name                                                    Run #            Date & Time        
====================================================================================================
SpeedOne.mxy                                             1    Tuesday, September 11, 2018 4:00:12 PM
====================================================================================================

====================================================================================================
Feature           Unit    Nominal       Actual          Tolerances           Deviation     Exceeded 
====================================================================================================
Step 3   
Diameter          mm    +6.275        +6.294        +0.000      +0.000     +0.019                   
   
Step 450   
Diameter          mm    +6.275        +6.294        +0.000      +0.000     +0.018                   
   
Step 453   
Diameter          mm    +6.275        +6.294        +0.000      +0.000     +0.018                   
   
====================================================================================================

============================ END OF INSPECTION - Elapsed Time  00:00:21 ============================
Machine Serial Number:  SFD2001052                                                       Page:    1
====================================================================================================
Routine Name                                                    Run #            Date & Time        
====================================================================================================
SpeedOne.mxy                                             2    Tuesday, September 11, 2018 4:00:48 PM
====================================================================================================

====================================================================================================
Feature           Unit    Nominal       Actual          Tolerances           Deviation     Exceeded 
====================================================================================================
Step 3   
Diameter          mm    +6.275        +6.294        +0.000      +0.000     +0.018                   
   
Step 450   
Diameter          mm    +6.275        +6.294        +0.000      +0.000     +0.018                   
   
Step 453   
Diameter          mm    +6.275        +6.294        +0.000      +0.000     +0.018                   
   
====================================================================================================

============================ END OF INSPECTION - Elapsed Time  00:00:16 ============================
