Machine Serial Number:  SFD2001052                                                       Page:    1
====================================================================================================
Routine Name                                                    Run #            Date & Time        
====================================================================================================
SpeedThree.mxy                                           1    Tuesday, September 11, 2018 4:05:06 PM
====================================================================================================

====================================================================================================
Feature           Unit    Nominal       Actual          Tolerances           Deviation     Exceeded 
====================================================================================================
Step 1   
Angle             dd    +269.740      +270.113      +0.000      +0.000     +0.374                   
   
====================================================================================================

============================ END OF INSPECTION - Elapsed Time  00:01:16 ============================
Machine Serial Number:  SFD2001052                                                       Page:    1
====================================================================================================
Routine Name                                                    Run #            Date & Time        
====================================================================================================
SpeedThree.mxy                                           2    Tuesday, September 11, 2018 4:06:35 PM
====================================================================================================

====================================================================================================
Feature           Unit    Nominal       Actual          Tolerances           Deviation     Exceeded 
====================================================================================================
Step 1   
Angle             dd    +269.740      +270.114      +0.000      +0.000     +0.375                   
   
====================================================================================================

============================ END OF INSPECTION - Elapsed Time  00:01:17 ============================
