Machine Serial Number:  SFD2001052                                                       Page:    1
====================================================================================================
Routine Name                                                    Run #            Date & Time        
====================================================================================================
SpeedFive.mxy                                            1    Tuesday, September 11, 2018 4:12:15 PM
====================================================================================================

====================================================================================================
Feature           Unit    Nominal       Actual          Tolerances           Deviation     Exceeded 
====================================================================================================
Step 1   
X Location        mm    +113.448      +110.694      +0.000      +0.000     -2.754                   
   
====================================================================================================

============================ END OF INSPECTION - Elapsed Time  00:01:43 ============================
Machine Serial Number:  SFD2001052                                                       Page:    1
====================================================================================================
Routine Name                                                    Run #            Date & Time        
====================================================================================================
SpeedFive.mxy                                            2    Tuesday, September 11, 2018 4:14:22 PM
====================================================================================================

====================================================================================================
Feature           Unit    Nominal       Actual          Tolerances           Deviation     Exceeded 
====================================================================================================
Step 1   
X Location        mm    +113.448      +113.438      +0.000      +0.000     -0.010                   
   
====================================================================================================

============================ END OF INSPECTION - Elapsed Time  00:01:42 ============================
