Machine Serial Number:  SFD2001052                                                       Page:    1
====================================================================================================
Routine Name                                                    Run #            Date & Time        
====================================================================================================
SpeedFour.mxy                                            1             Friday, May 18, 2018 15:11:17
====================================================================================================

====================================================================================================
Feature           Unit    Nominal       Actual          Tolerances           Deviation     Exceeded 
====================================================================================================
Step 1   
X Location        mm    +76.4752      +76.5457      +0.0000     +0.0000    +0.0704                  
   
====================================================================================================

============================ END OF INSPECTION - Elapsed Time  00:00:43 ============================
Machine Serial Number:  SFD2001052                                                       Page:    1
====================================================================================================
Routine Name                                                    Run #            Date & Time        
====================================================================================================
SpeedFour.mxy                                            2             Friday, May 18, 2018 15:12:16
====================================================================================================

====================================================================================================
Feature           Unit    Nominal       Actual          Tolerances           Deviation     Exceeded 
====================================================================================================
Step 1   
X Location        mm    +76.4752      +76.5457      +0.0000     +0.0000    +0.0704                  
   
====================================================================================================

============================ END OF INSPECTION - Elapsed Time  00:00:43 ============================
