Machine Serial Number:  SFD2001052                                                       Page:    1
====================================================================================================
Routine Name                                                    Run #            Date & Time        
====================================================================================================
SpeedThree.mxy                                           1   Thursday, September 13, 2018 9:57:31 AM
====================================================================================================

====================================================================================================
Feature           Unit    Nominal       Actual          Tolerances           Deviation     Exceeded 
====================================================================================================
Step 1   
Angle             dd    +269.7395     +270.1370     +0.0000     +0.0000    +0.3975                  
   
====================================================================================================

============================ END OF INSPECTION - Elapsed Time  00:01:04 ============================
Machine Serial Number:  SFD2001052                                                       Page:    1
====================================================================================================
Routine Name                                                    Run #            Date & Time        
====================================================================================================
SpeedThree.mxy                                           1  Thursday, September 13, 2018 10:12:18 AM
====================================================================================================

====================================================================================================
Feature           Unit    Nominal       Actual          Tolerances           Deviation     Exceeded 
====================================================================================================
Step 1   
Angle             dd    +269.7395     +270.1234     +0.0000     +0.0000    +0.3839                  
   
====================================================================================================

============================ END OF INSPECTION - Elapsed Time  00:01:51 ============================
