Machine Serial Number:  SFD2001052                                                       Page:    1
====================================================================================================
Routine Name                                                    Run #            Date & Time        
====================================================================================================
SpeedTwo.mxy                                             1  Wednesday, September 12, 2018 4:17:09 PM
====================================================================================================

====================================================================================================
Feature           Unit    Nominal       Actual          Tolerances           Deviation     Exceeded 
====================================================================================================
Step 3   
Diameter          mm    +6.275        +6.293        +1.000      -1.000     +0.019       +           
   
====================================================================================================

============================ END OF INSPECTION - Elapsed Time  00:00:44 ============================
Machine Serial Number:  SFD2001052                                                       Page:    1
====================================================================================================
Routine Name                                                    Run #            Date & Time        
====================================================================================================
SpeedTwo.mxy                                             2  Wednesday, September 12, 2018 4:18:08 PM
====================================================================================================

====================================================================================================
Feature           Unit    Nominal       Actual          Tolerances           Deviation     Exceeded 
====================================================================================================
Step 3   
Diameter          mm    +6.275        +6.293        +1.000      -1.000     +0.018       +           
   
====================================================================================================

============================ END OF INSPECTION - Elapsed Time  00:00:45 ============================
