Machine Serial Number:  SFD2001052                                                       Page:    1
====================================================================================================
Routine Name                                                    Run #            Date & Time        
====================================================================================================
SpeedOne.mxy                                             1             Friday, May 18, 2018 15:04:11
====================================================================================================

====================================================================================================
Feature           Unit    Nominal       Actual          Tolerances           Deviation     Exceeded 
====================================================================================================
Step 3   
Diameter          mm    +6.2750       +6.2586       +0.0000     +0.0000    -0.0165                  
   
Step 450   
Diameter          mm    +6.2750       +6.2586       +0.0000     +0.0000    -0.0165                  
   
Step 453   
Diameter          mm    +6.2750       +6.2586       +0.0000     +0.0000    -0.0165                  
   
====================================================================================================

============================ END OF INSPECTION - Elapsed Time  00:00:16 ============================
Machine Serial Number:  SFD2001052                                                       Page:    1
====================================================================================================
Routine Name                                                    Run #            Date & Time        
====================================================================================================
SpeedOne.mxy                                             2             Friday, May 18, 2018 15:04:41
====================================================================================================

====================================================================================================
Feature           Unit    Nominal       Actual          Tolerances           Deviation     Exceeded 
====================================================================================================
Step 3   
Diameter          mm    +6.2750       +6.2590       +0.0000     +0.0000    -0.0161                  
   
Step 450   
Diameter          mm    +6.2750       +6.2590       +0.0000     +0.0000    -0.0161                  
   
Step 453   
Diameter          mm    +6.2750       +6.2590       +0.0000     +0.0000    -0.0161                  
   
====================================================================================================

============================ END OF INSPECTION - Elapsed Time  00:00:15 ============================
