Machine Serial Number:  SFD2001052                                                       Page:    1
====================================================================================================
Routine Name                                                    Run #            Date & Time        
====================================================================================================
SpeedFive.mxy                                            1             Friday, May 18, 2018 15:14:08
====================================================================================================

====================================================================================================
Feature           Unit    Nominal       Actual          Tolerances           Deviation     Exceeded 
====================================================================================================
Step 1   
X Location        mm    +113.4484     +110.5927     +0.0000     +0.0000    -2.8557                  
   
====================================================================================================

============================ END OF INSPECTION - Elapsed Time  00:01:14 ============================
Machine Serial Number:  SFD2001052                                                       Page:    1
====================================================================================================
Routine Name                                                    Run #            Date & Time        
====================================================================================================
SpeedFive.mxy                                            2             Friday, May 18, 2018 15:15:37
====================================================================================================

====================================================================================================
Feature           Unit    Nominal       Actual          Tolerances           Deviation     Exceeded 
====================================================================================================
Step 1   
X Location        mm    +113.4484     +113.3362     +0.0000     +0.0000    -0.1122                  
   
====================================================================================================

============================ END OF INSPECTION - Elapsed Time  00:01:14 ============================
