Machine Serial Number:  SFD2001052                                                       Page:    1
====================================================================================================
Routine Name                                                    Run #            Date & Time        
====================================================================================================
SpeedOne.mxy                                             1           Friday, April 13, 2018 13:04:06
====================================================================================================

====================================================================================================
Feature           Unit    Nominal       Actual          Tolerances           Deviation     Exceeded 
====================================================================================================
Step 3   
Diameter          mm    +6.2750       +6.2874       +0.0000     +0.0000    +0.0124                  
   
Step 450   
Diameter          mm    +6.2750       +6.2874       +0.0000     +0.0000    +0.0124                  
   
Step 453   
Diameter          mm    +6.2750       +6.2874       +0.0000     +0.0000    +0.0124                  
   
====================================================================================================

============================ END OF INSPECTION - Elapsed Time  00:00:20 ============================
Machine Serial Number:  SFD2001052                                                       Page:    1
====================================================================================================
Routine Name                                                    Run #            Date & Time        
====================================================================================================
SpeedOne.mxy                                             2           Friday, April 13, 2018 13:04:42
====================================================================================================

====================================================================================================
Feature           Unit    Nominal       Actual          Tolerances           Deviation     Exceeded 
====================================================================================================
Step 3   
Diameter          mm    +6.2750       +6.2871       +0.0000     +0.0000    +0.0121                  
   
Step 450   
Diameter          mm    +6.2750       +6.2871       +0.0000     +0.0000    +0.0121                  
   
Step 453   
Diameter          mm    +6.2750       +6.2871       +0.0000     +0.0000    +0.0121                  
   
====================================================================================================

============================ END OF INSPECTION - Elapsed Time  00:00:15 ============================
