Machine Serial Number:  SFD2001052                                                       Page:    1
====================================================================================================
Routine Name                                                    Run #            Date & Time        
====================================================================================================
SpeedFour.mxy                                            1           Friday, April 13, 2018 13:12:04
====================================================================================================

====================================================================================================
Feature           Unit    Nominal       Actual          Tolerances           Deviation     Exceeded 
====================================================================================================
Step 1   
X Location        mm    +76.475       +74.853       +0.000      +0.000     -1.622                   
   
====================================================================================================

============================ END OF INSPECTION - Elapsed Time  00:00:46 ============================
Machine Serial Number:  SFD2001052                                                       Page:    1
====================================================================================================
Routine Name                                                    Run #            Date & Time        
====================================================================================================
SpeedFour.mxy                                            2           Friday, April 13, 2018 13:12:55
====================================================================================================

====================================================================================================
Feature           Unit    Nominal       Actual          Tolerances           Deviation     Exceeded 
====================================================================================================
Step 1   
X Location        mm    +76.475       +76.491       +0.000      +0.000     +0.015                   
   
====================================================================================================

============================ END OF INSPECTION - Elapsed Time  00:00:42 ============================
