Machine Serial Number:  SFD2001052                                                       Page:    1
====================================================================================================
Routine Name                                                    Run #            Date & Time        
====================================================================================================
SpeedFive.mxy                                            1           Friday, April 13, 2018 13:14:46
====================================================================================================

====================================================================================================
Feature           Unit    Nominal       Actual          Tolerances           Deviation     Exceeded 
====================================================================================================
Step 1   
X Location        mm    +113.4484     +113.4585     +0.0000     +0.0000    +0.0102                  
   
====================================================================================================

============================ END OF INSPECTION - Elapsed Time  00:01:15 ============================
Machine Serial Number:  SFD2001052                                                       Page:    1
====================================================================================================
Routine Name                                                    Run #            Date & Time        
====================================================================================================
SpeedFive.mxy                                            2           Friday, April 13, 2018 13:16:10
====================================================================================================

====================================================================================================
Feature           Unit    Nominal       Actual          Tolerances           Deviation     Exceeded 
====================================================================================================
Step 1   
X Location        mm    +113.4484     +113.3420     +0.0000     +0.0000    -0.1064                  
   
====================================================================================================

============================ END OF INSPECTION - Elapsed Time  00:01:14 ============================
