Machine Serial Number:  SFD2001052                                                       Page:    1
====================================================================================================
Routine Name                                                    Run #            Date & Time        
====================================================================================================
SpeedThree.mxy                                           1           Friday, April 13, 2018 13:09:26
====================================================================================================

====================================================================================================
Feature           Unit    Nominal       Actual          Tolerances           Deviation     Exceeded 
====================================================================================================
Step 1   
Angle             dd    +269.7395     +270.2380     +0.0000     +0.0000    +0.4985                  
   
====================================================================================================

============================ END OF INSPECTION - Elapsed Time  00:00:59 ============================
Machine Serial Number:  SFD2001052                                                       Page:    1
====================================================================================================
Routine Name                                                    Run #            Date & Time        
====================================================================================================
SpeedThree.mxy                                           2           Friday, April 13, 2018 13:10:36
====================================================================================================

====================================================================================================
Feature           Unit    Nominal       Actual          Tolerances           Deviation     Exceeded 
====================================================================================================
Step 1   
Angle             dd    +269.7395     +270.2463     +0.0000     +0.0000    +0.5068                  
   
====================================================================================================

============================ END OF INSPECTION - Elapsed Time  00:00:54 ============================
