Machine Serial Number:  SFD2001052                                                       Page:    1
====================================================================================================
Routine Name                                                    Run #            Date & Time        
====================================================================================================
SpeedTwo.mxy                                             1           Friday, April 13, 2018 13:06:03
====================================================================================================

====================================================================================================
Feature           Unit    Nominal       Actual          Tolerances           Deviation     Exceeded 
====================================================================================================
Step 3   
Diameter          mm    +6.2746       +6.2832       +1.0000     -1.0000    +0.0086      +           
   
====================================================================================================

============================ END OF INSPECTION - Elapsed Time  00:00:37 ============================
Machine Serial Number:  SFD2001052                                                       Page:    1
====================================================================================================
Routine Name                                                    Run #            Date & Time        
====================================================================================================
SpeedTwo.mxy                                             2           Friday, April 13, 2018 13:07:21
====================================================================================================

====================================================================================================
Feature           Unit    Nominal       Actual          Tolerances           Deviation     Exceeded 
====================================================================================================
Step 3   
Diameter          mm    +6.2746       +6.2829       +1.0000     -1.0000    +0.0083      +           
   
====================================================================================================

============================ END OF INSPECTION - Elapsed Time  00:00:32 ============================
