Machine Serial Number:  SFD2001052                                                       Page:    1
====================================================================================================
Routine Name                                                    Run #            Date & Time        
====================================================================================================
SpeedThree.mxy                                           1          Tuesday, April 17, 2018 11:58:23
====================================================================================================

====================================================================================================
Feature           Unit    Nominal       Actual          Tolerances           Deviation     Exceeded 
====================================================================================================
Step 1   
Angle             dd    +269.7395     +269.9893     +0.0000     +0.0000    +0.2498                  
   
====================================================================================================

============================ END OF INSPECTION - Elapsed Time  00:01:09 ============================
Machine Serial Number:  SFD2001052                                                       Page:    1
====================================================================================================
Routine Name                                                    Run #            Date & Time        
====================================================================================================
SpeedThree.mxy                                           2          Tuesday, April 17, 2018 11:59:41
====================================================================================================

====================================================================================================
Feature           Unit    Nominal       Actual          Tolerances           Deviation     Exceeded 
====================================================================================================
Step 1   
Angle             dd    +269.7395     +269.9909     +0.0000     +0.0000    +0.2514                  
   
====================================================================================================

============================ END OF INSPECTION - Elapsed Time  00:01:03 ============================
Machine Serial Number:  SFD2001052                                                       Page:    1
====================================================================================================
Routine Name                                                    Run #            Date & Time        
====================================================================================================
SpeedThree.mxy                                           1           Monday, April 23, 2018 10:08:34
====================================================================================================

====================================================================================================
Feature           Unit    Nominal       Actual          Tolerances           Deviation     Exceeded 
====================================================================================================
Step 1   
Angle             dd    +269.740      +269.576      +0.000      +0.000     -0.164                   
   
====================================================================================================

============================ END OF INSPECTION - Elapsed Time  00:01:19 ============================
Machine Serial Number:  SFD2001052                                                       Page:    1
====================================================================================================
Routine Name                                                    Run #            Date & Time        
====================================================================================================
SpeedThree.mxy                                           2           Monday, April 23, 2018 10:10:10
====================================================================================================

====================================================================================================
Feature           Unit    Nominal       Actual          Tolerances           Deviation     Exceeded 
====================================================================================================
Step 1   
Angle             dd    +269.740      +269.568      +0.000      +0.000     -0.171                   
   
====================================================================================================

============================ END OF INSPECTION - Elapsed Time  00:01:19 ============================
