Machine Serial Number:  SFD2001052                                                       Page:    1
====================================================================================================
Routine Name                                                    Run #            Date & Time        
====================================================================================================
SpeedFive.mxy                                            1          Tuesday, April 17, 2018 12:04:02
====================================================================================================

====================================================================================================
Feature           Unit    Nominal       Actual          Tolerances           Deviation     Exceeded 
====================================================================================================
Step 1   
X Location        mm    +113.4484     +113.4593     +0.0000     +0.0000    +0.0109                  
   
====================================================================================================

============================ END OF INSPECTION - Elapsed Time  00:01:34 ============================
Machine Serial Number:  SFD2001052                                                       Page:    1
====================================================================================================
Routine Name                                                    Run #            Date & Time        
====================================================================================================
SpeedFive.mxy                                            2          Tuesday, April 17, 2018 12:05:38
====================================================================================================

====================================================================================================
Feature           Unit    Nominal       Actual          Tolerances           Deviation     Exceeded 
====================================================================================================
Step 1   
X Location        mm    +113.4484     +113.3424     +0.0000     +0.0000    -0.1059                  
   
====================================================================================================

============================ END OF INSPECTION - Elapsed Time  00:01:27 ============================
Machine Serial Number:  SFD2001052                                                       Page:    1
====================================================================================================
Routine Name                                                    Run #            Date & Time        
====================================================================================================
SpeedFive.mxy                                            1           Monday, April 23, 2018 10:14:51
====================================================================================================

====================================================================================================
Feature           Unit    Nominal       Actual          Tolerances           Deviation     Exceeded 
====================================================================================================
Step 1   
X Location        mm    +113.448      +110.590      +0.000      +0.000     -2.858                   
   
====================================================================================================

============================ END OF INSPECTION - Elapsed Time  00:01:30 ============================
Machine Serial Number:  SFD2001052                                                       Page:    1
====================================================================================================
Routine Name                                                    Run #            Date & Time        
====================================================================================================
SpeedFive.mxy                                            2           Monday, April 23, 2018 10:16:31
====================================================================================================

====================================================================================================
Feature           Unit    Nominal       Actual          Tolerances           Deviation     Exceeded 
====================================================================================================
Step 1   
X Location        mm    +113.448      +113.336      +0.000      +0.000     -0.112                   
   
====================================================================================================

============================ END OF INSPECTION - Elapsed Time  00:01:30 ============================
