Machine Serial Number:  SFD2001052                                                       Page:    1
====================================================================================================
Routine Name                                                    Run #            Date & Time        
====================================================================================================
SpeedTwo.mxy                                             1          Tuesday, April 17, 2018 11:55:00
====================================================================================================

====================================================================================================
Feature           Unit    Nominal       Actual          Tolerances           Deviation     Exceeded 
====================================================================================================
Step 3   
Diameter          mm    +6.2746       +6.2807       +1.0000     -1.0000    +0.0061      +           
   
====================================================================================================

============================ END OF INSPECTION - Elapsed Time  00:00:34 ============================
Machine Serial Number:  SFD2001052                                                       Page:    1
====================================================================================================
Routine Name                                                    Run #            Date & Time        
====================================================================================================
SpeedTwo.mxy                                             2          Tuesday, April 17, 2018 11:56:09
====================================================================================================

====================================================================================================
Feature           Unit    Nominal       Actual          Tolerances           Deviation     Exceeded 
====================================================================================================
Step 3   
Diameter          mm    +6.2746       +6.2790       +1.0000     -1.0000    +0.0044      +           
   
====================================================================================================

============================ END OF INSPECTION - Elapsed Time  00:00:26 ============================
Machine Serial Number:  SFD2001052                                                       Page:    1
====================================================================================================
Routine Name                                                    Run #            Date & Time        
====================================================================================================
SpeedTwo.mxy                                             1           Monday, April 23, 2018 10:04:45
====================================================================================================

====================================================================================================
Feature           Unit    Nominal       Actual          Tolerances           Deviation     Exceeded 
====================================================================================================
Step 3   
Diameter          mm    +6.275        +6.278        +1.000      -1.000     +0.003       +           
   
====================================================================================================

============================ END OF INSPECTION - Elapsed Time  00:00:30 ============================
Machine Serial Number:  SFD2001052                                                       Page:    1
====================================================================================================
Routine Name                                                    Run #            Date & Time        
====================================================================================================
SpeedTwo.mxy                                             2           Monday, April 23, 2018 10:06:03
====================================================================================================

====================================================================================================
Feature           Unit    Nominal       Actual          Tolerances           Deviation     Exceeded 
====================================================================================================
Step 3   
Diameter          mm    +6.275        +6.278        +1.000      -1.000     +0.003       +           
   
====================================================================================================

============================ END OF INSPECTION - Elapsed Time  00:00:30 ============================
