Machine Serial Number:  SFD2001052                                                       Page:    1
====================================================================================================
Routine Name                                                    Run #            Date & Time        
====================================================================================================
SpeedOne.mxy                                             1          Tuesday, April 17, 2018 11:52:36
====================================================================================================

====================================================================================================
Feature           Unit    Nominal       Actual          Tolerances           Deviation     Exceeded 
====================================================================================================
Step 3   
Diameter          mm    +6.2750       +6.2838       +0.0000     +0.0000    +0.0088                  
   
Step 450   
Diameter          mm    +6.2750       +6.2838       +0.0000     +0.0000    +0.0088                  
   
Step 453   
Diameter          mm    +6.2750       +6.2838       +0.0000     +0.0000    +0.0088                  
   
====================================================================================================

============================ END OF INSPECTION - Elapsed Time  00:00:22 ============================
Machine Serial Number:  SFD2001052                                                       Page:    1
====================================================================================================
Routine Name                                                    Run #            Date & Time        
====================================================================================================
SpeedOne.mxy                                             2          Tuesday, April 17, 2018 11:53:39
====================================================================================================

====================================================================================================
Feature           Unit    Nominal       Actual          Tolerances           Deviation     Exceeded 
====================================================================================================
Step 3   
Diameter          mm    +6.2750       +6.2833       +0.0000     +0.0000    +0.0082                  
   
Step 450   
Diameter          mm    +6.2750       +6.2833       +0.0000     +0.0000    +0.0082                  
   
Step 453   
Diameter          mm    +6.2750       +6.2833       +0.0000     +0.0000    +0.0082                  
   
====================================================================================================

============================ END OF INSPECTION - Elapsed Time  00:00:16 ============================
Machine Serial Number:  SFD2001052                                                       Page:    1
====================================================================================================
Routine Name                                                    Run #            Date & Time        
====================================================================================================
SpeedOne.mxy                                             1           Monday, April 23, 2018 10:03:09
====================================================================================================

====================================================================================================
Feature           Unit    Nominal       Actual          Tolerances           Deviation     Exceeded 
====================================================================================================
Step 3   
Diameter          mm    +6.275        +6.282        +0.000      +0.000     +0.007                   
   
Step 450   
Diameter          mm    +6.275        +6.281        +0.000      +0.000     +0.006                   
   
Step 453   
Diameter          mm    +6.275        +6.281        +0.000      +0.000     +0.006                   
   
====================================================================================================

============================ END OF INSPECTION - Elapsed Time  00:00:22 ============================
Machine Serial Number:  SFD2001052                                                       Page:    1
====================================================================================================
Routine Name                                                    Run #            Date & Time        
====================================================================================================
SpeedOne.mxy                                             2           Monday, April 23, 2018 10:03:38
====================================================================================================

====================================================================================================
Feature           Unit    Nominal       Actual          Tolerances           Deviation     Exceeded 
====================================================================================================
Step 3   
Diameter          mm    +6.275        +6.281        +0.000      +0.000     +0.006                   
   
Step 450   
Diameter          mm    +6.275        +6.281        +0.000      +0.000     +0.006                   
   
Step 453   
Diameter          mm    +6.275        +6.281        +0.000      +0.000     +0.006                   
   
====================================================================================================

============================ END OF INSPECTION - Elapsed Time  00:00:16 ============================
