Machine Serial Number:  SFD2001052                                                       Page:    1
====================================================================================================
Routine Name                                                    Run #            Date & Time        
====================================================================================================
SpeedFour.mxy                                            1          Tuesday, April 17, 2018 12:01:07
====================================================================================================

====================================================================================================
Feature           Unit    Nominal       Actual          Tolerances           Deviation     Exceeded 
====================================================================================================
Step 1   
X Location        mm    +76.475       +74.854       +0.000      +0.000     -1.622                   
   
====================================================================================================

============================ END OF INSPECTION - Elapsed Time  00:00:46 ============================
Machine Serial Number:  SFD2001052                                                       Page:    1
====================================================================================================
Routine Name                                                    Run #            Date & Time        
====================================================================================================
SpeedFour.mxy                                            2          Tuesday, April 17, 2018 12:01:55
====================================================================================================

====================================================================================================
Feature           Unit    Nominal       Actual          Tolerances           Deviation     Exceeded 
====================================================================================================
Step 1   
X Location        mm    +76.475       +76.493       +0.000      +0.000     +0.018                   
   
====================================================================================================

============================ END OF INSPECTION - Elapsed Time  00:00:38 ============================
Machine Serial Number:  SFD2001052                                                       Page:    1
====================================================================================================
Routine Name                                                    Run #            Date & Time        
====================================================================================================
SpeedFour.mxy                                            1           Monday, April 23, 2018 10:11:34
====================================================================================================

====================================================================================================
Feature           Unit    Nominal       Actual          Tolerances           Deviation     Exceeded 
====================================================================================================
Step 1   
X Location        mm    +76.475       +76.543       +0.000      +0.000     +0.068                   
   
====================================================================================================

============================ END OF INSPECTION - Elapsed Time  00:00:40 ============================
Machine Serial Number:  SFD2001052                                                       Page:    1
====================================================================================================
Routine Name                                                    Run #            Date & Time        
====================================================================================================
SpeedFour.mxy                                            2           Monday, April 23, 2018 10:12:35
====================================================================================================

====================================================================================================
Feature           Unit    Nominal       Actual          Tolerances           Deviation     Exceeded 
====================================================================================================
Step 1   
X Location        mm    +76.475       +76.543       +0.000      +0.000     +0.068                   
   
====================================================================================================

============================ END OF INSPECTION - Elapsed Time  00:00:40 ============================
